{"C:\\Users\\pascal\\Desktop\\microverse\\pair\\todo-list\\modules\\json_handler.js": {"path":"C:\\Users\\pascal\\Desktop\\microverse\\pair\\todo-list\\modules\\json_handler.js","statementMap":{"0":{"start":{"line":1,"column":15},"end":{"line":1,"column":47}},"1":{"start":{"line":1,"column":26},"end":{"line":1,"column":47}},"2":{"start":{"line":2,"column":17},"end":{"line":2,"column":45}},"3":{"start":{"line":2,"column":28},"end":{"line":2,"column":45}}},"fnMap":{"0":{"name":"(anonymous_0)","decl":{"start":{"line":1,"column":15},"end":{"line":1,"column":16}},"loc":{"start":{"line":1,"column":26},"end":{"line":1,"column":47}},"line":1},"1":{"name":"(anonymous_1)","decl":{"start":{"line":2,"column":17},"end":{"line":2,"column":18}},"loc":{"start":{"line":2,"column":28},"end":{"line":2,"column":45}},"line":2}},"branchMap":{},"s":{"0":1,"1":2,"2":1,"3":1},"f":{"0":2,"1":1},"b":{},"_coverageSchema":"1a1c01bbd47fc00a2c39e90264f33305004495a9","hash":"a78a6bb1b77803126dbdfd48cbbb370536b048ca"}
,"C:\\Users\\pascal\\Desktop\\microverse\\pair\\todo-list\\modules\\storage.js": {"path":"C:\\Users\\pascal\\Desktop\\microverse\\pair\\todo-list\\modules\\storage.js","statementMap":{"0":{"start":{"line":3,"column":24},"end":{"line":3,"column":69}},"1":{"start":{"line":3,"column":30},"end":{"line":3,"column":69}},"2":{"start":{"line":4,"column":26},"end":{"line":4,"column":81}},"3":{"start":{"line":4,"column":37},"end":{"line":4,"column":81}}},"fnMap":{"0":{"name":"(anonymous_0)","decl":{"start":{"line":3,"column":24},"end":{"line":3,"column":25}},"loc":{"start":{"line":3,"column":30},"end":{"line":3,"column":69}},"line":3},"1":{"name":"(anonymous_1)","decl":{"start":{"line":4,"column":26},"end":{"line":4,"column":27}},"loc":{"start":{"line":4,"column":37},"end":{"line":4,"column":81}},"line":4}},"branchMap":{},"s":{"0":1,"1":1,"2":1,"3":2},"f":{"0":1,"1":2},"b":{},"_coverageSchema":"1a1c01bbd47fc00a2c39e90264f33305004495a9","hash":"0308c7b3ea7064be4fa5fe64f534e8be2cc17e91"}
,"C:\\Users\\pascal\\Desktop\\microverse\\pair\\todo-list\\modules\\todo-controller.js": {"path":"C:\\Users\\pascal\\Desktop\\microverse\\pair\\todo-list\\modules\\todo-controller.js","statementMap":{"0":{"start":{"line":5,"column":17},"end":{"line":5,"column":33}},"1":{"start":{"line":7,"column":24},"end":{"line":7,"column":41}},"2":{"start":{"line":9,"column":19},"end":{"line":15,"column":3}},"3":{"start":{"line":10,"column":4},"end":{"line":10,"column":26}},"4":{"start":{"line":11,"column":4},"end":{"line":11,"column":27}},"5":{"start":{"line":12,"column":20},"end":{"line":12,"column":64}},"6":{"start":{"line":13,"column":4},"end":{"line":13,"column":29}},"7":{"start":{"line":14,"column":4},"end":{"line":14,"column":27}},"8":{"start":{"line":18,"column":4},"end":{"line":29,"column":5}},"9":{"start":{"line":19,"column":6},"end":{"line":19,"column":34}},"10":{"start":{"line":20,"column":6},"end":{"line":20,"column":29}},"11":{"start":{"line":22,"column":6},"end":{"line":26,"column":9}},"12":{"start":{"line":23,"column":8},"end":{"line":25,"column":9}},"13":{"start":{"line":24,"column":10},"end":{"line":24,"column":26}},"14":{"start":{"line":27,"column":6},"end":{"line":27,"column":34}},"15":{"start":{"line":28,"column":6},"end":{"line":28,"column":29}},"16":{"start":{"line":30,"column":4},"end":{"line":30,"column":27}},"17":{"start":{"line":33,"column":25},"end":{"line":37,"column":1}},"18":{"start":{"line":34,"column":2},"end":{"line":34,"column":46}},"19":{"start":{"line":36,"column":2},"end":{"line":36,"column":25}},"20":{"start":{"line":40,"column":2},"end":{"line":40,"column":61}},"21":{"start":{"line":41,"column":2},"end":{"line":41,"column":25}},"22":{"start":{"line":45,"column":2},"end":{"line":45,"column":54}},"23":{"start":{"line":45,"column":40},"end":{"line":45,"column":52}},"24":{"start":{"line":46,"column":2},"end":{"line":48,"column":3}},"25":{"start":{"line":46,"column":15},"end":{"line":46,"column":16}},"26":{"start":{"line":47,"column":4},"end":{"line":47,"column":32}},"27":{"start":{"line":49,"column":2},"end":{"line":49,"column":40}},"28":{"start":{"line":50,"column":2},"end":{"line":50,"column":25}}},"fnMap":{"0":{"name":"(anonymous_0)","decl":{"start":{"line":9,"column":19},"end":{"line":9,"column":20}},"loc":{"start":{"line":9,"column":36},"end":{"line":15,"column":3}},"line":9},"1":{"name":"(anonymous_1)","decl":{"start":{"line":17,"column":2},"end":{"line":17,"column":3}},"loc":{"start":{"line":17,"column":27},"end":{"line":31,"column":3}},"line":17},"2":{"name":"(anonymous_2)","decl":{"start":{"line":22,"column":25},"end":{"line":22,"column":26}},"loc":{"start":{"line":22,"column":35},"end":{"line":26,"column":7}},"line":22},"3":{"name":"(anonymous_3)","decl":{"start":{"line":33,"column":25},"end":{"line":33,"column":26}},"loc":{"start":{"line":33,"column":49},"end":{"line":37,"column":1}},"line":33},"4":{"name":"(anonymous_4)","decl":{"start":{"line":39,"column":0},"end":{"line":39,"column":1}},"loc":{"start":{"line":39,"column":27},"end":{"line":42,"column":1}},"line":39},"5":{"name":"(anonymous_5)","decl":{"start":{"line":44,"column":0},"end":{"line":44,"column":1}},"loc":{"start":{"line":44,"column":29},"end":{"line":51,"column":1}},"line":44},"6":{"name":"(anonymous_6)","decl":{"start":{"line":45,"column":33},"end":{"line":45,"column":34}},"loc":{"start":{"line":45,"column":40},"end":{"line":45,"column":52}},"line":45}},"branchMap":{"0":{"loc":{"start":{"line":5,"column":17},"end":{"line":5,"column":33}},"type":"binary-expr","locations":[{"start":{"line":5,"column":17},"end":{"line":5,"column":27}},{"start":{"line":5,"column":31},"end":{"line":5,"column":33}}],"line":5},"1":{"loc":{"start":{"line":18,"column":4},"end":{"line":29,"column":5}},"type":"if","locations":[{"start":{"line":18,"column":4},"end":{"line":29,"column":5}},{"start":{"line":21,"column":11},"end":{"line":29,"column":5}}],"line":18},"2":{"loc":{"start":{"line":23,"column":8},"end":{"line":25,"column":9}},"type":"if","locations":[{"start":{"line":23,"column":8},"end":{"line":25,"column":9}},{"start":{},"end":{}}],"line":23}},"s":{"0":1,"1":1,"2":1,"3":1,"4":1,"5":1,"6":1,"7":1,"8":1,"9":1,"10":1,"11":0,"12":0,"13":0,"14":0,"15":0,"16":1,"17":1,"18":0,"19":0,"20":0,"21":0,"22":0,"23":0,"24":0,"25":0,"26":0,"27":0,"28":0},"f":{"0":1,"1":1,"2":0,"3":0,"4":0,"5":0,"6":0},"b":{"0":[1,1],"1":[1,0],"2":[0,0]},"_coverageSchema":"1a1c01bbd47fc00a2c39e90264f33305004495a9","hash":"e4cca9e92b58a28e5c537732f26afd73d5da5409"}
,"C:\\Users\\pascal\\Desktop\\microverse\\pair\\todo-list\\modules\\todo-item.js": {"path":"C:\\Users\\pascal\\Desktop\\microverse\\pair\\todo-list\\modules\\todo-item.js","statementMap":{"0":{"start":{"line":3,"column":4},"end":{"line":3,"column":23}},"1":{"start":{"line":4,"column":4},"end":{"line":4,"column":35}},"2":{"start":{"line":5,"column":4},"end":{"line":5,"column":31}}},"fnMap":{"0":{"name":"(anonymous_0)","decl":{"start":{"line":2,"column":2},"end":{"line":2,"column":3}},"loc":{"start":{"line":2,"column":53},"end":{"line":6,"column":3}},"line":2}},"branchMap":{"0":{"loc":{"start":{"line":2,"column":34},"end":{"line":2,"column":51}},"type":"default-arg","locations":[{"start":{"line":2,"column":46},"end":{"line":2,"column":51}}],"line":2}},"s":{"0":1,"1":1,"2":1},"f":{"0":1},"b":{"0":[1]},"_coverageSchema":"1a1c01bbd47fc00a2c39e90264f33305004495a9","hash":"1de23e28ae57c3a74e5651731a1084189bf21c34"}
}
